2021-05-03 07:22:25,026 INFO c.b.ShapesMain [main] Method to create tetrahedron repository start
2021-05-03 07:22:25,042 WARN c.b.i.s.p.TetrahedronPointsParserValidator [main] The string 2.0 -1   1  5 5 3 2.0  -1 4 1  3 has not enough parameters 11
2021-05-03 07:22:25,042 INFO c.b.a.e.d.DotFactory [main] Dot has created: x = 1.0; y = 3.0; z = 6.0;
2021-05-03 07:22:25,042 INFO c.b.a.e.d.DotFactory [main] Dot has created: x = 2.0; y = 2.0; z = 1.0;
2021-05-03 07:22:25,042 INFO c.b.a.e.d.DotFactory [main] Dot has created: x = -1.0; y = 0.0; z = 1.0;
2021-05-03 07:22:25,042 INFO c.b.a.e.d.DotFactory [main] Dot has created: x = -4.0; y = 6.0; z = -3.0;
2021-05-03 07:22:25,042 INFO c.b.i.e.TetrahedronFactory [main] Method to create tetrahedron start
2021-05-03 07:22:25,057 INFO c.b.i.e.TetrahedronFactory [main] The figure with id = 0 is not a tetrahedron
2021-05-03 07:22:25,057 INFO c.b.i.e.TetrahedronFactory [main] Tetrahedron created
2021-05-03 07:22:25,057 INFO c.b.a.e.d.DotFactory [main] Dot has created: x = 2.0; y = -1.0; z = 1.0;
2021-05-03 07:22:25,057 INFO c.b.a.e.d.DotFactory [main] Dot has created: x = 5.0; y = 5.0; z = 4.0;
2021-05-03 07:22:25,057 INFO c.b.a.e.d.DotFactory [main] Dot has created: x = 3.0; y = 2.0; z = -1.0;
2021-05-03 07:22:25,057 INFO c.b.a.e.d.DotFactory [main] Dot has created: x = 4.0; y = 1.0; z = 3.0;
2021-05-03 07:22:25,057 INFO c.b.i.e.TetrahedronFactory [main] Method to create tetrahedron start
2021-05-03 07:22:25,057 INFO c.b.i.e.TetrahedronFactory [main] The figure with id = 0 is not a tetrahedron
2021-05-03 07:22:25,057 INFO c.b.i.e.TetrahedronFactory [main] Tetrahedron created
2021-05-03 07:22:25,057 WARN c.b.i.s.p.TetrahedronPointsParserValidator [main] The string 14 4 5   -5f -3 2  -2 -6 -3 -2 2 -1 contain an invalid parameter!
2021-05-03 07:22:25,057 INFO c.b.a.e.d.DotFactory [main] Dot has created: x = 14.0; y = 4.0; z = 5.0;
2021-05-03 07:22:25,057 INFO c.b.a.e.d.DotFactory [main] Dot has created: x = -5.0; y = -3.0; z = 2.0;
2021-05-03 07:22:25,057 INFO c.b.a.e.d.DotFactory [main] Dot has created: x = -2.0; y = -6.0; z = -3.0;
2021-05-03 07:22:25,057 INFO c.b.a.e.d.DotFactory [main] Dot has created: x = -2.0; y = 2.0; z = -1.0;
2021-05-03 07:22:25,057 INFO c.b.i.e.TetrahedronFactory [main] Method to create tetrahedron start
2021-05-03 07:22:25,057 INFO c.b.i.e.TetrahedronFactory [main] The figure with id = 0 is not a tetrahedron
2021-05-03 07:22:25,057 INFO c.b.i.e.TetrahedronFactory [main] Tetrahedron created
2021-05-03 07:22:25,057 INFO c.b.a.e.d.DotFactory [main] Dot has created: x = -4.0; y = 2.0; z = 7.0;
2021-05-03 07:22:25,057 INFO c.b.a.e.d.DotFactory [main] Dot has created: x = 2.0; y = -3.0; z = 0.0;
2021-05-03 07:22:25,057 INFO c.b.a.e.d.DotFactory [main] Dot has created: x = -10.0; y = 5.0; z = 8.0;
2021-05-03 07:22:25,057 INFO c.b.a.e.d.DotFactory [main] Dot has created: x = -5.0; y = 2.0; z = -4.0;
2021-05-03 07:22:25,057 INFO c.b.i.e.TetrahedronFactory [main] Method to create tetrahedron start
2021-05-03 07:22:25,057 INFO c.b.i.e.TetrahedronFactory [main] The figure with id = 0 is not a tetrahedron
2021-05-03 07:22:25,057 INFO c.b.i.e.TetrahedronFactory [main] Tetrahedron created
2021-05-03 07:22:25,057 INFO c.b.a.e.d.DotFactory [main] Dot has created: x = 0.0; y = -1.0; z = 2.0;
2021-05-03 07:22:25,057 INFO c.b.a.e.d.DotFactory [main] Dot has created: x = -1.0; y = -1.0; z = 6.0;
2021-05-03 07:22:25,057 INFO c.b.a.e.d.DotFactory [main] Dot has created: x = -2.0; y = 0.0; z = 2.0;
2021-05-03 07:22:25,057 INFO c.b.a.e.d.DotFactory [main] Dot has created: x = 0.0; y = 1.0; z = 4.0;
2021-05-03 07:22:25,057 INFO c.b.i.e.TetrahedronFactory [main] Method to create tetrahedron start
2021-05-03 07:22:25,057 INFO c.b.i.e.TetrahedronFactory [main] The figure with id = 0 is not a tetrahedron
2021-05-03 07:22:25,057 INFO c.b.i.e.TetrahedronFactory [main] Tetrahedron created
2021-05-03 07:22:25,057 INFO c.b.a.e.d.DotFactory [main] Dot has created: x = 0.5; y = 0.288; z = 0.816;
2021-05-03 07:22:25,057 INFO c.b.a.e.d.DotFactory [main] Dot has created: x = 0.0; y = 0.0; z = 0.0;
2021-05-03 07:22:25,057 INFO c.b.a.e.d.DotFactory [main] Dot has created: x = 1.0; y = 0.0; z = 0.0;
2021-05-03 07:22:25,057 INFO c.b.a.e.d.DotFactory [main] Dot has created: x = 0.5; y = 0.866; z = 0.0;
2021-05-03 07:22:25,057 INFO c.b.i.e.TetrahedronFactory [main] Method to create tetrahedron start
2021-05-03 07:22:25,057 INFO c.b.i.e.TetrahedronFactory [main] Tetrahedron with id = 0 added to repository
2021-05-03 07:22:25,073 INFO c.b.a.e.d.DotFactory [main] Dot has created: x = 2.0; y = 2.0; z = 2.0;
2021-05-03 07:22:25,073 INFO c.b.a.e.d.DotFactory [main] Dot has created: x = 0.0; y = 0.0; z = 0.0;
2021-05-03 07:22:25,073 INFO c.b.a.e.d.DotFactory [main] Dot has created: x = 0.0; y = 0.0; z = 0.0;
2021-05-03 07:22:25,073 INFO c.b.a.e.d.DotFactory [main] Dot has created: x = 2.0; y = 1.0; z = 0.0;
2021-05-03 07:22:25,073 INFO c.b.i.e.TetrahedronFactory [main] Method to create tetrahedron start
2021-05-03 07:22:25,073 INFO c.b.i.e.TetrahedronFactory [main] The figure with id = 1 is not a tetrahedron
2021-05-03 07:22:25,073 INFO c.b.i.e.TetrahedronFactory [main] Tetrahedron created
2021-05-03 07:22:25,073 INFO c.b.ShapesMain [main] Tetrahedron repository created
2021-05-03 07:22:25,073 INFO c.b.ShapesMain [main] [Tetrahedron {
 ID: 0
 Dot 1: x = 0.5; y = 0.288; z = 0.816;
 Dot 2: x = 0.0; y = 0.0; z = 0.0;
 Dot 3: x = 1.0; y = 0.0; z = 0.0;
 Dot 4: x = 0.5; y = 0.866; z = 0.0;
}]
2021-05-03 07:23:53,163 INFO c.b.ShapesMain [main] Method to create tetrahedron repository start
2021-05-03 07:23:53,163 WARN c.b.i.s.p.TetrahedronPointsParserValidator [main] The string 2.0 -1   1  5 5 3 2.0  -1 4 1  3 has not enough parameters 11
2021-05-03 07:23:53,163 INFO c.b.a.e.d.DotFactory [main] Dot has created: x = 1.0; y = 3.0; z = 6.0;
2021-05-03 07:23:53,163 INFO c.b.a.e.d.DotFactory [main] Dot has created: x = 2.0; y = 2.0; z = 1.0;
2021-05-03 07:23:53,163 INFO c.b.a.e.d.DotFactory [main] Dot has created: x = -1.0; y = 0.0; z = 1.0;
2021-05-03 07:23:53,163 INFO c.b.a.e.d.DotFactory [main] Dot has created: x = -4.0; y = 6.0; z = -3.0;
2021-05-03 07:23:53,163 INFO c.b.i.e.TetrahedronFactory [main] Method to create tetrahedron start
2021-05-03 07:23:53,163 INFO c.b.i.e.TetrahedronFactory [main] The figure with id = 0 is not a tetrahedron
2021-05-03 07:23:53,163 INFO c.b.i.e.TetrahedronFactory [main] Tetrahedron created
2021-05-03 07:23:53,179 INFO c.b.a.e.d.DotFactory [main] Dot has created: x = 2.0; y = -1.0; z = 1.0;
2021-05-03 07:23:53,179 INFO c.b.a.e.d.DotFactory [main] Dot has created: x = 5.0; y = 5.0; z = 4.0;
2021-05-03 07:23:53,179 INFO c.b.a.e.d.DotFactory [main] Dot has created: x = 3.0; y = 2.0; z = -1.0;
2021-05-03 07:23:53,179 INFO c.b.a.e.d.DotFactory [main] Dot has created: x = 4.0; y = 1.0; z = 3.0;
2021-05-03 07:23:53,179 INFO c.b.i.e.TetrahedronFactory [main] Method to create tetrahedron start
2021-05-03 07:23:53,179 INFO c.b.i.e.TetrahedronFactory [main] The figure with id = 0 is not a tetrahedron
2021-05-03 07:23:53,179 INFO c.b.i.e.TetrahedronFactory [main] Tetrahedron created
2021-05-03 07:23:53,179 WARN c.b.i.s.p.TetrahedronPointsParserValidator [main] The string 14 4 5   -5f -3 2  -2 -6 -3 -2 2 -1 contain an invalid parameter!
2021-05-03 07:23:53,179 INFO c.b.a.e.d.DotFactory [main] Dot has created: x = 14.0; y = 4.0; z = 5.0;
2021-05-03 07:23:53,179 INFO c.b.a.e.d.DotFactory [main] Dot has created: x = -5.0; y = -3.0; z = 2.0;
2021-05-03 07:23:53,179 INFO c.b.a.e.d.DotFactory [main] Dot has created: x = -2.0; y = -6.0; z = -3.0;
2021-05-03 07:23:53,179 INFO c.b.a.e.d.DotFactory [main] Dot has created: x = -2.0; y = 2.0; z = -1.0;
2021-05-03 07:23:53,179 INFO c.b.i.e.TetrahedronFactory [main] Method to create tetrahedron start
2021-05-03 07:23:53,179 INFO c.b.i.e.TetrahedronFactory [main] The figure with id = 0 is not a tetrahedron
2021-05-03 07:23:53,179 INFO c.b.i.e.TetrahedronFactory [main] Tetrahedron created
2021-05-03 07:23:53,179 INFO c.b.a.e.d.DotFactory [main] Dot has created: x = -4.0; y = 2.0; z = 7.0;
2021-05-03 07:23:53,179 INFO c.b.a.e.d.DotFactory [main] Dot has created: x = 2.0; y = -3.0; z = 0.0;
2021-05-03 07:23:53,179 INFO c.b.a.e.d.DotFactory [main] Dot has created: x = -10.0; y = 5.0; z = 8.0;
2021-05-03 07:23:53,179 INFO c.b.a.e.d.DotFactory [main] Dot has created: x = -5.0; y = 2.0; z = -4.0;
2021-05-03 07:23:53,179 INFO c.b.i.e.TetrahedronFactory [main] Method to create tetrahedron start
2021-05-03 07:23:53,179 INFO c.b.i.e.TetrahedronFactory [main] The figure with id = 0 is not a tetrahedron
2021-05-03 07:23:53,186 INFO c.b.i.e.TetrahedronFactory [main] Tetrahedron created
2021-05-03 07:23:53,186 INFO c.b.a.e.d.DotFactory [main] Dot has created: x = 0.0; y = -1.0; z = 2.0;
2021-05-03 07:23:53,186 INFO c.b.a.e.d.DotFactory [main] Dot has created: x = -1.0; y = -1.0; z = 6.0;
2021-05-03 07:23:53,186 INFO c.b.a.e.d.DotFactory [main] Dot has created: x = -2.0; y = 0.0; z = 2.0;
2021-05-03 07:23:53,186 INFO c.b.a.e.d.DotFactory [main] Dot has created: x = 0.0; y = 1.0; z = 4.0;
2021-05-03 07:23:53,186 INFO c.b.i.e.TetrahedronFactory [main] Method to create tetrahedron start
2021-05-03 07:23:53,186 INFO c.b.i.e.TetrahedronFactory [main] The figure with id = 0 is not a tetrahedron
2021-05-03 07:23:53,186 INFO c.b.i.e.TetrahedronFactory [main] Tetrahedron created
2021-05-03 07:23:53,186 INFO c.b.a.e.d.DotFactory [main] Dot has created: x = 0.5; y = 0.288; z = 0.816;
2021-05-03 07:23:53,186 INFO c.b.a.e.d.DotFactory [main] Dot has created: x = 0.0; y = 0.0; z = 0.0;
2021-05-03 07:23:53,186 INFO c.b.a.e.d.DotFactory [main] Dot has created: x = 1.0; y = 0.0; z = 0.0;
2021-05-03 07:23:53,186 INFO c.b.a.e.d.DotFactory [main] Dot has created: x = 0.5; y = 0.866; z = 0.0;
2021-05-03 07:23:53,186 INFO c.b.i.e.TetrahedronFactory [main] Method to create tetrahedron start
2021-05-03 07:23:53,186 INFO c.b.i.e.TetrahedronFactory [main] Tetrahedron with id = 0 added to repository
2021-05-03 07:23:53,186 INFO c.b.a.e.d.DotFactory [main] Dot has created: x = 2.0; y = 2.0; z = 2.0;
2021-05-03 07:23:53,186 INFO c.b.a.e.d.DotFactory [main] Dot has created: x = 0.0; y = 0.0; z = 0.0;
2021-05-03 07:23:53,186 INFO c.b.a.e.d.DotFactory [main] Dot has created: x = 0.0; y = 0.0; z = 0.0;
2021-05-03 07:23:53,186 INFO c.b.a.e.d.DotFactory [main] Dot has created: x = 2.0; y = 1.0; z = 0.0;
2021-05-03 07:23:53,186 INFO c.b.i.e.TetrahedronFactory [main] Method to create tetrahedron start
2021-05-03 07:23:53,186 INFO c.b.i.e.TetrahedronFactory [main] The figure with id = 1 is not a tetrahedron
2021-05-03 07:23:53,186 INFO c.b.i.e.TetrahedronFactory [main] Tetrahedron created
2021-05-03 07:23:53,186 INFO c.b.ShapesMain [main] Tetrahedron repository created
2021-05-03 07:23:53,186 INFO c.b.ShapesMain [main] [Tetrahedron {
 ID: 0
 Dot 1: x = 0.5; y = 0.288; z = 0.816;
 Dot 2: x = 0.0; y = 0.0; z = 0.0;
 Dot 3: x = 1.0; y = 0.0; z = 0.0;
 Dot 4: x = 0.5; y = 0.866; z = 0.0;
}]
2021-05-03 07:24:15,535 INFO c.b.ShapesMain [main] Method to create tetrahedron repository start
2021-05-03 07:24:15,535 WARN c.b.i.s.p.TetrahedronPointsParserValidator [main] The string 2.0 -1   1  5 5 3 2.0  -1 4 1  3 has not enough parameters 11
2021-05-03 07:24:15,535 INFO c.b.a.e.d.DotFactory [main] Dot has created: x = 1.0; y = 3.0; z = 6.0;
2021-05-03 07:24:15,535 INFO c.b.a.e.d.DotFactory [main] Dot has created: x = 2.0; y = 2.0; z = 1.0;
2021-05-03 07:24:15,535 INFO c.b.a.e.d.DotFactory [main] Dot has created: x = -1.0; y = 0.0; z = 1.0;
2021-05-03 07:24:15,535 INFO c.b.a.e.d.DotFactory [main] Dot has created: x = -4.0; y = 6.0; z = -3.0;
2021-05-03 07:24:15,535 INFO c.b.i.e.TetrahedronFactory [main] Method to create tetrahedron start
2021-05-03 07:24:15,535 INFO c.b.i.e.TetrahedronFactory [main] The figure with id = 0 is not a tetrahedron
2021-05-03 07:24:15,535 INFO c.b.i.e.TetrahedronFactory [main] Tetrahedron created
2021-05-03 07:24:15,535 INFO c.b.a.e.d.DotFactory [main] Dot has created: x = 2.0; y = -1.0; z = 1.0;
2021-05-03 07:24:15,535 INFO c.b.a.e.d.DotFactory [main] Dot has created: x = 5.0; y = 5.0; z = 4.0;
2021-05-03 07:24:15,535 INFO c.b.a.e.d.DotFactory [main] Dot has created: x = 3.0; y = 2.0; z = -1.0;
2021-05-03 07:24:15,535 INFO c.b.a.e.d.DotFactory [main] Dot has created: x = 4.0; y = 1.0; z = 3.0;
2021-05-03 07:24:15,535 INFO c.b.i.e.TetrahedronFactory [main] Method to create tetrahedron start
2021-05-03 07:24:15,535 INFO c.b.i.e.TetrahedronFactory [main] The figure with id = 1 is not a tetrahedron
2021-05-03 07:24:15,535 INFO c.b.i.e.TetrahedronFactory [main] Tetrahedron created
2021-05-03 07:24:15,535 WARN c.b.i.s.p.TetrahedronPointsParserValidator [main] The string 14 4 5   -5f -3 2  -2 -6 -3 -2 2 -1 contain an invalid parameter!
2021-05-03 07:24:15,535 INFO c.b.a.e.d.DotFactory [main] Dot has created: x = 14.0; y = 4.0; z = 5.0;
2021-05-03 07:24:15,535 INFO c.b.a.e.d.DotFactory [main] Dot has created: x = -5.0; y = -3.0; z = 2.0;
2021-05-03 07:24:15,535 INFO c.b.a.e.d.DotFactory [main] Dot has created: x = -2.0; y = -6.0; z = -3.0;
2021-05-03 07:24:15,535 INFO c.b.a.e.d.DotFactory [main] Dot has created: x = -2.0; y = 2.0; z = -1.0;
2021-05-03 07:24:15,535 INFO c.b.i.e.TetrahedronFactory [main] Method to create tetrahedron start
2021-05-03 07:24:15,535 INFO c.b.i.e.TetrahedronFactory [main] The figure with id = 2 is not a tetrahedron
2021-05-03 07:24:15,535 INFO c.b.i.e.TetrahedronFactory [main] Tetrahedron created
2021-05-03 07:24:15,550 INFO c.b.a.e.d.DotFactory [main] Dot has created: x = -4.0; y = 2.0; z = 7.0;
2021-05-03 07:24:15,550 INFO c.b.a.e.d.DotFactory [main] Dot has created: x = 2.0; y = -3.0; z = 0.0;
2021-05-03 07:24:15,550 INFO c.b.a.e.d.DotFactory [main] Dot has created: x = -10.0; y = 5.0; z = 8.0;
2021-05-03 07:24:15,550 INFO c.b.a.e.d.DotFactory [main] Dot has created: x = -5.0; y = 2.0; z = -4.0;
2021-05-03 07:24:15,550 INFO c.b.i.e.TetrahedronFactory [main] Method to create tetrahedron start
2021-05-03 07:24:15,550 INFO c.b.i.e.TetrahedronFactory [main] The figure with id = 3 is not a tetrahedron
2021-05-03 07:24:15,550 INFO c.b.i.e.TetrahedronFactory [main] Tetrahedron created
2021-05-03 07:24:15,550 INFO c.b.a.e.d.DotFactory [main] Dot has created: x = 0.0; y = -1.0; z = 2.0;
2021-05-03 07:24:15,550 INFO c.b.a.e.d.DotFactory [main] Dot has created: x = -1.0; y = -1.0; z = 6.0;
2021-05-03 07:24:15,550 INFO c.b.a.e.d.DotFactory [main] Dot has created: x = -2.0; y = 0.0; z = 2.0;
2021-05-03 07:24:15,550 INFO c.b.a.e.d.DotFactory [main] Dot has created: x = 0.0; y = 1.0; z = 4.0;
2021-05-03 07:24:15,550 INFO c.b.i.e.TetrahedronFactory [main] Method to create tetrahedron start
2021-05-03 07:24:15,550 INFO c.b.i.e.TetrahedronFactory [main] The figure with id = 4 is not a tetrahedron
2021-05-03 07:24:15,550 INFO c.b.i.e.TetrahedronFactory [main] Tetrahedron created
2021-05-03 07:24:15,556 INFO c.b.a.e.d.DotFactory [main] Dot has created: x = 0.5; y = 0.288; z = 0.816;
2021-05-03 07:24:15,556 INFO c.b.a.e.d.DotFactory [main] Dot has created: x = 0.0; y = 0.0; z = 0.0;
2021-05-03 07:24:15,556 INFO c.b.a.e.d.DotFactory [main] Dot has created: x = 1.0; y = 0.0; z = 0.0;
2021-05-03 07:24:15,556 INFO c.b.a.e.d.DotFactory [main] Dot has created: x = 0.5; y = 0.866; z = 0.0;
2021-05-03 07:24:15,556 INFO c.b.i.e.TetrahedronFactory [main] Method to create tetrahedron start
2021-05-03 07:24:15,556 INFO c.b.i.e.TetrahedronFactory [main] Tetrahedron with id = 5 added to repository
2021-05-03 07:24:15,556 INFO c.b.a.e.d.DotFactory [main] Dot has created: x = 2.0; y = 2.0; z = 2.0;
2021-05-03 07:24:15,556 INFO c.b.a.e.d.DotFactory [main] Dot has created: x = 0.0; y = 0.0; z = 0.0;
2021-05-03 07:24:15,556 INFO c.b.a.e.d.DotFactory [main] Dot has created: x = 0.0; y = 0.0; z = 0.0;
2021-05-03 07:24:15,556 INFO c.b.a.e.d.DotFactory [main] Dot has created: x = 2.0; y = 1.0; z = 0.0;
2021-05-03 07:24:15,556 INFO c.b.i.e.TetrahedronFactory [main] Method to create tetrahedron start
2021-05-03 07:24:15,556 INFO c.b.i.e.TetrahedronFactory [main] The figure with id = 6 is not a tetrahedron
2021-05-03 07:24:15,556 INFO c.b.i.e.TetrahedronFactory [main] Tetrahedron created
2021-05-03 07:24:15,556 INFO c.b.ShapesMain [main] Tetrahedron repository created
2021-05-03 07:24:15,556 INFO c.b.ShapesMain [main] [Tetrahedron {
 ID: 5
 Dot 1: x = 0.5; y = 0.288; z = 0.816;
 Dot 2: x = 0.0; y = 0.0; z = 0.0;
 Dot 3: x = 1.0; y = 0.0; z = 0.0;
 Dot 4: x = 0.5; y = 0.866; z = 0.0;
}]
2021-05-03 07:48:05,455 WARN c.b.i.s.p.TetrahedronPointsParserValidator [main] The string 2.0 -1   1  5 5 3 2.0  -1 4 1  3 has not enough parameters 11
2021-05-03 07:48:05,455 INFO c.b.a.e.d.DotFactory [main] Dot has created: x = 1.0; y = 3.0; z = 6.0;
2021-05-03 07:48:05,455 INFO c.b.a.e.d.DotFactory [main] Dot has created: x = 2.0; y = 2.0; z = 1.0;
2021-05-03 07:48:05,455 INFO c.b.a.e.d.DotFactory [main] Dot has created: x = -1.0; y = 0.0; z = 1.0;
2021-05-03 07:48:05,455 INFO c.b.a.e.d.DotFactory [main] Dot has created: x = -4.0; y = 6.0; z = -3.0;
2021-05-03 07:48:05,455 INFO c.b.i.e.TetrahedronFactory [main] Method to create tetrahedron start
2021-05-03 07:48:05,455 INFO c.b.i.e.TetrahedronFactory [main] The figure with id = 0 is not a tetrahedron
2021-05-03 07:48:05,455 INFO c.b.i.e.TetrahedronFactory [main] Tetrahedron created
2021-05-03 07:48:05,471 INFO c.b.a.e.d.DotFactory [main] Dot has created: x = 2.0; y = -1.0; z = 1.0;
2021-05-03 07:48:05,471 INFO c.b.a.e.d.DotFactory [main] Dot has created: x = 5.0; y = 5.0; z = 4.0;
2021-05-03 07:48:05,471 INFO c.b.a.e.d.DotFactory [main] Dot has created: x = 3.0; y = 2.0; z = -1.0;
2021-05-03 07:48:05,471 INFO c.b.a.e.d.DotFactory [main] Dot has created: x = 4.0; y = 1.0; z = 3.0;
2021-05-03 07:48:05,471 INFO c.b.i.e.TetrahedronFactory [main] Method to create tetrahedron start
2021-05-03 07:48:05,471 INFO c.b.i.e.TetrahedronFactory [main] The figure with id = 1 is not a tetrahedron
2021-05-03 07:48:05,471 INFO c.b.i.e.TetrahedronFactory [main] Tetrahedron created
2021-05-03 07:48:05,471 WARN c.b.i.s.p.TetrahedronPointsParserValidator [main] The string 14 4 5   -5f -3 2  -2 -6 -3 -2 2 -1 contain an invalid parameter!
2021-05-03 07:48:05,471 INFO c.b.a.e.d.DotFactory [main] Dot has created: x = 14.0; y = 4.0; z = 5.0;
2021-05-03 07:48:05,471 INFO c.b.a.e.d.DotFactory [main] Dot has created: x = -5.0; y = -3.0; z = 2.0;
2021-05-03 07:48:05,471 INFO c.b.a.e.d.DotFactory [main] Dot has created: x = -2.0; y = -6.0; z = -3.0;
2021-05-03 07:48:05,471 INFO c.b.a.e.d.DotFactory [main] Dot has created: x = -2.0; y = 2.0; z = -1.0;
2021-05-03 07:48:05,471 INFO c.b.i.e.TetrahedronFactory [main] Method to create tetrahedron start
2021-05-03 07:48:05,471 INFO c.b.i.e.TetrahedronFactory [main] The figure with id = 2 is not a tetrahedron
2021-05-03 07:48:05,471 INFO c.b.i.e.TetrahedronFactory [main] Tetrahedron created
2021-05-03 07:48:05,471 INFO c.b.a.e.d.DotFactory [main] Dot has created: x = -4.0; y = 2.0; z = 7.0;
2021-05-03 07:48:05,471 INFO c.b.a.e.d.DotFactory [main] Dot has created: x = 2.0; y = -3.0; z = 0.0;
2021-05-03 07:48:05,471 INFO c.b.a.e.d.DotFactory [main] Dot has created: x = -10.0; y = 5.0; z = 8.0;
2021-05-03 07:48:05,471 INFO c.b.a.e.d.DotFactory [main] Dot has created: x = -5.0; y = 2.0; z = -4.0;
2021-05-03 07:48:05,471 INFO c.b.i.e.TetrahedronFactory [main] Method to create tetrahedron start
2021-05-03 07:48:05,471 INFO c.b.i.e.TetrahedronFactory [main] The figure with id = 3 is not a tetrahedron
2021-05-03 07:48:05,471 INFO c.b.i.e.TetrahedronFactory [main] Tetrahedron created
2021-05-03 07:48:05,471 INFO c.b.a.e.d.DotFactory [main] Dot has created: x = 0.0; y = -1.0; z = 2.0;
2021-05-03 07:48:05,471 INFO c.b.a.e.d.DotFactory [main] Dot has created: x = -1.0; y = -1.0; z = 6.0;
2021-05-03 07:48:05,471 INFO c.b.a.e.d.DotFactory [main] Dot has created: x = -2.0; y = 0.0; z = 2.0;
2021-05-03 07:48:05,471 INFO c.b.a.e.d.DotFactory [main] Dot has created: x = 0.0; y = 1.0; z = 4.0;
2021-05-03 07:48:05,471 INFO c.b.i.e.TetrahedronFactory [main] Method to create tetrahedron start
2021-05-03 07:48:05,471 INFO c.b.i.e.TetrahedronFactory [main] The figure with id = 4 is not a tetrahedron
2021-05-03 07:48:05,471 INFO c.b.i.e.TetrahedronFactory [main] Tetrahedron created
2021-05-03 07:48:05,471 INFO c.b.a.e.d.DotFactory [main] Dot has created: x = 0.5; y = 0.288; z = 0.816;
2021-05-03 07:48:05,471 INFO c.b.a.e.d.DotFactory [main] Dot has created: x = 0.0; y = 0.0; z = 0.0;
2021-05-03 07:48:05,471 INFO c.b.a.e.d.DotFactory [main] Dot has created: x = 1.0; y = 0.0; z = 0.0;
2021-05-03 07:48:05,471 INFO c.b.a.e.d.DotFactory [main] Dot has created: x = 0.5; y = 0.866; z = 0.0;
2021-05-03 07:48:05,471 INFO c.b.i.e.TetrahedronFactory [main] Method to create tetrahedron start
2021-05-03 07:48:05,471 INFO c.b.i.e.TetrahedronFactory [main] Tetrahedron with id = 5 added to repository
2021-05-03 07:48:05,471 INFO c.b.a.e.d.DotFactory [main] Dot has created: x = 2.0; y = 2.0; z = 2.0;
2021-05-03 07:48:05,471 INFO c.b.a.e.d.DotFactory [main] Dot has created: x = 0.0; y = 0.0; z = 0.0;
2021-05-03 07:48:05,471 INFO c.b.a.e.d.DotFactory [main] Dot has created: x = 0.0; y = 0.0; z = 0.0;
2021-05-03 07:48:05,471 INFO c.b.a.e.d.DotFactory [main] Dot has created: x = 2.0; y = 1.0; z = 0.0;
2021-05-03 07:48:05,471 INFO c.b.i.e.TetrahedronFactory [main] Method to create tetrahedron start
2021-05-03 07:48:05,471 INFO c.b.i.e.TetrahedronFactory [main] The figure with id = 6 is not a tetrahedron
2021-05-03 07:48:05,471 INFO c.b.i.e.TetrahedronFactory [main] Tetrahedron created
2021-05-03 07:48:05,471 INFO c.b.ShapesMain [main] [Tetrahedron {
 ID: 5
 Dot 1: x = 0.5; y = 0.288; z = 0.816;
 Dot 2: x = 0.0; y = 0.0; z = 0.0;
 Dot 3: x = 1.0; y = 0.0; z = 0.0;
 Dot 4: x = 0.5; y = 0.866; z = 0.0;
}]
2021-05-03 07:50:10,173 WARN c.b.i.s.p.TetrahedronPointsParserValidator [main] The string 2.0 -1   1  5 5 3 2.0  -1 4 1  3 has not enough parameters 11
2021-05-03 07:50:10,173 INFO c.b.a.e.d.DotFactory [main] Dot has created: x = 1.0; y = 3.0; z = 6.0;
2021-05-03 07:50:10,173 INFO c.b.a.e.d.DotFactory [main] Dot has created: x = 2.0; y = 2.0; z = 1.0;
2021-05-03 07:50:10,173 INFO c.b.a.e.d.DotFactory [main] Dot has created: x = -1.0; y = 0.0; z = 1.0;
2021-05-03 07:50:10,173 INFO c.b.a.e.d.DotFactory [main] Dot has created: x = -4.0; y = 6.0; z = -3.0;
2021-05-03 07:50:10,173 INFO c.b.i.e.TetrahedronFactory [main] The shape[0] is not a tetrahedron
2021-05-03 07:50:10,173 INFO c.b.a.e.d.DotFactory [main] Dot has created: x = 2.0; y = -1.0; z = 1.0;
2021-05-03 07:50:10,189 INFO c.b.a.e.d.DotFactory [main] Dot has created: x = 5.0; y = 5.0; z = 4.0;
2021-05-03 07:50:10,189 INFO c.b.a.e.d.DotFactory [main] Dot has created: x = 3.0; y = 2.0; z = -1.0;
2021-05-03 07:50:10,189 INFO c.b.a.e.d.DotFactory [main] Dot has created: x = 4.0; y = 1.0; z = 3.0;
2021-05-03 07:50:10,189 INFO c.b.i.e.TetrahedronFactory [main] The shape[1] is not a tetrahedron
2021-05-03 07:50:10,189 WARN c.b.i.s.p.TetrahedronPointsParserValidator [main] The string 14 4 5   -5f -3 2  -2 -6 -3 -2 2 -1 contain an invalid parameter!
2021-05-03 07:50:10,189 INFO c.b.a.e.d.DotFactory [main] Dot has created: x = 14.0; y = 4.0; z = 5.0;
2021-05-03 07:50:10,189 INFO c.b.a.e.d.DotFactory [main] Dot has created: x = -5.0; y = -3.0; z = 2.0;
2021-05-03 07:50:10,189 INFO c.b.a.e.d.DotFactory [main] Dot has created: x = -2.0; y = -6.0; z = -3.0;
2021-05-03 07:50:10,189 INFO c.b.a.e.d.DotFactory [main] Dot has created: x = -2.0; y = 2.0; z = -1.0;
2021-05-03 07:50:10,189 INFO c.b.i.e.TetrahedronFactory [main] The shape[2] is not a tetrahedron
2021-05-03 07:50:10,189 INFO c.b.a.e.d.DotFactory [main] Dot has created: x = -4.0; y = 2.0; z = 7.0;
2021-05-03 07:50:10,189 INFO c.b.a.e.d.DotFactory [main] Dot has created: x = 2.0; y = -3.0; z = 0.0;
2021-05-03 07:50:10,189 INFO c.b.a.e.d.DotFactory [main] Dot has created: x = -10.0; y = 5.0; z = 8.0;
2021-05-03 07:50:10,189 INFO c.b.a.e.d.DotFactory [main] Dot has created: x = -5.0; y = 2.0; z = -4.0;
2021-05-03 07:50:10,189 INFO c.b.i.e.TetrahedronFactory [main] The shape[3] is not a tetrahedron
2021-05-03 07:50:10,189 INFO c.b.a.e.d.DotFactory [main] Dot has created: x = 0.0; y = -1.0; z = 2.0;
2021-05-03 07:50:10,189 INFO c.b.a.e.d.DotFactory [main] Dot has created: x = -1.0; y = -1.0; z = 6.0;
2021-05-03 07:50:10,189 INFO c.b.a.e.d.DotFactory [main] Dot has created: x = -2.0; y = 0.0; z = 2.0;
2021-05-03 07:50:10,189 INFO c.b.a.e.d.DotFactory [main] Dot has created: x = 0.0; y = 1.0; z = 4.0;
2021-05-03 07:50:10,189 INFO c.b.i.e.TetrahedronFactory [main] The shape[4] is not a tetrahedron
2021-05-03 07:50:10,189 INFO c.b.a.e.d.DotFactory [main] Dot has created: x = 0.5; y = 0.288; z = 0.816;
2021-05-03 07:50:10,189 INFO c.b.a.e.d.DotFactory [main] Dot has created: x = 0.0; y = 0.0; z = 0.0;
2021-05-03 07:50:10,189 INFO c.b.a.e.d.DotFactory [main] Dot has created: x = 1.0; y = 0.0; z = 0.0;
2021-05-03 07:50:10,189 INFO c.b.a.e.d.DotFactory [main] Dot has created: x = 0.5; y = 0.866; z = 0.0;
2021-05-03 07:50:10,189 INFO c.b.i.e.TetrahedronFactory [main] Tetrahedron[5] has been added added to repository
2021-05-03 07:50:10,189 INFO c.b.a.e.d.DotFactory [main] Dot has created: x = 2.0; y = 2.0; z = 2.0;
2021-05-03 07:50:10,189 INFO c.b.a.e.d.DotFactory [main] Dot has created: x = 0.0; y = 0.0; z = 0.0;
2021-05-03 07:50:10,189 INFO c.b.a.e.d.DotFactory [main] Dot has created: x = 0.0; y = 0.0; z = 0.0;
2021-05-03 07:50:10,189 INFO c.b.a.e.d.DotFactory [main] Dot has created: x = 2.0; y = 1.0; z = 0.0;
2021-05-03 07:50:10,189 INFO c.b.i.e.TetrahedronFactory [main] The shape[6] is not a tetrahedron
2021-05-03 07:50:10,189 INFO c.b.ShapesMain [main] [Tetrahedron {
 ID: 5
 Dot 1: x = 0.5; y = 0.288; z = 0.816;
 Dot 2: x = 0.0; y = 0.0; z = 0.0;
 Dot 3: x = 1.0; y = 0.0; z = 0.0;
 Dot 4: x = 0.5; y = 0.866; z = 0.0;
}]
2021-05-03 10:22:37,313 WARN c.b.i.s.p.TetrahedronPointsParserValidator [main] The string 2.0 -1   1  5 5 3 2.0  -1 4 1  3 has not enough parameters 11
2021-05-03 10:22:37,318 INFO c.b.a.e.d.DotFactory [main] Dot has created: x = 1.0; y = 3.0; z = 6.0;
2021-05-03 10:22:37,318 INFO c.b.a.e.d.DotFactory [main] Dot has created: x = 2.0; y = 2.0; z = 1.0;
2021-05-03 10:22:37,318 INFO c.b.a.e.d.DotFactory [main] Dot has created: x = -1.0; y = 0.0; z = 1.0;
2021-05-03 10:22:37,319 INFO c.b.a.e.d.DotFactory [main] Dot has created: x = -4.0; y = 6.0; z = -3.0;
2021-05-03 10:22:37,320 ERROR c.b.i.e.TetrahedronFactory [main] The shape[0] is not a tetrahedron
2021-05-03 10:22:37,323 INFO c.b.a.e.d.DotFactory [main] Dot has created: x = 2.0; y = -1.0; z = 1.0;
2021-05-03 10:22:37,323 INFO c.b.a.e.d.DotFactory [main] Dot has created: x = 5.0; y = 5.0; z = 4.0;
2021-05-03 10:22:37,323 INFO c.b.a.e.d.DotFactory [main] Dot has created: x = 3.0; y = 2.0; z = -1.0;
2021-05-03 10:22:37,324 INFO c.b.a.e.d.DotFactory [main] Dot has created: x = 4.0; y = 1.0; z = 3.0;
2021-05-03 10:22:37,324 ERROR c.b.i.e.TetrahedronFactory [main] The shape[1] is not a tetrahedron
2021-05-03 10:22:37,324 WARN c.b.i.s.p.TetrahedronPointsParserValidator [main] The string 14 4 5   -5f -3 2  -2 -6 -3 -2 2 -1 contain an invalid parameter!
2021-05-03 10:22:37,325 INFO c.b.a.e.d.DotFactory [main] Dot has created: x = 14.0; y = 4.0; z = 5.0;
2021-05-03 10:22:37,325 INFO c.b.a.e.d.DotFactory [main] Dot has created: x = -5.0; y = -3.0; z = 2.0;
2021-05-03 10:22:37,325 INFO c.b.a.e.d.DotFactory [main] Dot has created: x = -2.0; y = -6.0; z = -3.0;
2021-05-03 10:22:37,325 INFO c.b.a.e.d.DotFactory [main] Dot has created: x = -2.0; y = 2.0; z = -1.0;
2021-05-03 10:22:37,326 ERROR c.b.i.e.TetrahedronFactory [main] The shape[2] is not a tetrahedron
2021-05-03 10:22:37,326 INFO c.b.a.e.d.DotFactory [main] Dot has created: x = -4.0; y = 2.0; z = 7.0;
2021-05-03 10:22:37,326 INFO c.b.a.e.d.DotFactory [main] Dot has created: x = 2.0; y = -3.0; z = 0.0;
2021-05-03 10:22:37,327 INFO c.b.a.e.d.DotFactory [main] Dot has created: x = -10.0; y = 5.0; z = 8.0;
2021-05-03 10:22:37,327 INFO c.b.a.e.d.DotFactory [main] Dot has created: x = -5.0; y = 2.0; z = -4.0;
2021-05-03 10:22:37,327 ERROR c.b.i.e.TetrahedronFactory [main] The shape[3] is not a tetrahedron
2021-05-03 10:22:37,328 INFO c.b.a.e.d.DotFactory [main] Dot has created: x = 0.0; y = -1.0; z = 2.0;
2021-05-03 10:22:37,328 INFO c.b.a.e.d.DotFactory [main] Dot has created: x = -1.0; y = -1.0; z = 6.0;
2021-05-03 10:22:37,329 INFO c.b.a.e.d.DotFactory [main] Dot has created: x = -2.0; y = 0.0; z = 2.0;
2021-05-03 10:22:37,329 INFO c.b.a.e.d.DotFactory [main] Dot has created: x = 0.0; y = 1.0; z = 4.0;
2021-05-03 10:22:37,329 ERROR c.b.i.e.TetrahedronFactory [main] The shape[4] is not a tetrahedron
2021-05-03 10:22:37,330 INFO c.b.a.e.d.DotFactory [main] Dot has created: x = 0.5; y = 0.288; z = 0.816;
2021-05-03 10:22:37,330 INFO c.b.a.e.d.DotFactory [main] Dot has created: x = 0.0; y = 0.0; z = 0.0;
2021-05-03 10:22:37,330 INFO c.b.a.e.d.DotFactory [main] Dot has created: x = 1.0; y = 0.0; z = 0.0;
2021-05-03 10:22:37,330 INFO c.b.a.e.d.DotFactory [main] Dot has created: x = 0.5; y = 0.866; z = 0.0;
2021-05-03 10:22:37,331 INFO c.b.i.e.TetrahedronFactory [main] Tetrahedron[5] has been added added to repository
2021-05-03 10:22:37,331 INFO c.b.a.e.d.DotFactory [main] Dot has created: x = 2.0; y = 2.0; z = 2.0;
2021-05-03 10:22:37,331 INFO c.b.a.e.d.DotFactory [main] Dot has created: x = 0.0; y = 0.0; z = 0.0;
2021-05-03 10:22:37,331 INFO c.b.a.e.d.DotFactory [main] Dot has created: x = 0.0; y = 0.0; z = 0.0;
2021-05-03 10:22:37,332 INFO c.b.a.e.d.DotFactory [main] Dot has created: x = 2.0; y = 1.0; z = 0.0;
2021-05-03 10:22:37,332 ERROR c.b.i.e.TetrahedronFactory [main] The shape[6] is not a tetrahedron
2021-05-03 10:22:37,333 INFO c.b.ShapesMain [main] [Tetrahedron {
 ID: 5
 Dot 1: x = 0.5; y = 0.288; z = 0.816;
 Dot 2: x = 0.0; y = 0.0; z = 0.0;
 Dot 3: x = 1.0; y = 0.0; z = 0.0;
 Dot 4: x = 0.5; y = 0.866; z = 0.0;
}]
